design-cpu-int-pointwise-SEED=1               ^[[0;32mPASSED^[[0m
design-cpu-int-pointwise-SEED=2               ^[[0;32mPASSED^[[0m
design-cpu-int-pointwise-SEED=3               ^[[0;32mPASSED^[[0m
design-cpu-int-pointwise-SEED=4               ^[[0;32mPASSED^[[0m
design-cpu-int-pointwise-SEED=5               ^[[0;32mPASSED^[[0m
design-cpu-int-conv-SEED=1                    ^[[0;32mPASSED^[[0m
design-cpu-int-conv-SEED=2                    ^[[0;31mFAILED^[[0m
design-cpu-int-conv-SEED=3                    ^[[0;32mPASSED^[[0m
design-cpu-int-conv-SEED=4                    ^[[0;32mPASSED^[[0m
design-cpu-int-conv-SEED=5                    ^[[0;32mPASSED^[[0m
design-cpu-int-conv-SEED=6                    ^[[0;32mPASSED^[[0m
design-cpu-int-conv-SEED=7                    ^[[0;32mPASSED^[[0m
design-cpu-int-conv-SEED=8                    ^[[0;32mPASSED^[[0m
design-cpu-int-conv-SEED=9                    ^[[0;32mPASSED^[[0m
design-cpu-int-conv-SEED=10                   ^[[0;32mPASSED^[[0m
design-cpu-int-conv-SEED=11                   ^[[0;32mPASSED^[[0m
design-cpu-int-conv-SEED=12                   ^[[0;32mPASSED^[[0m
design-cpu-int-conv-SEED=13                   ^[[0;32mPASSED^[[0m
design-cpu-int-conv-SEED=14                   ^[[0;32mPASSED^[[0m
design-cpu-int-conv-SEED=15                   ^[[0;32mPASSED^[[0m
design-cpu-int-up-SEED=1                      ^[[0;32mPASSED^[[0m
design-cpu-int-up-SEED=2                      ^[[0;32mPASSED^[[0m
design-cpu-int-up-SEED=3                      ^[[0;32mPASSED^[[0m
design-cpu-int-up-SEED=4                      ^[[0;32mPASSED^[[0m